<?xml version="1.0" encoding="UTF-8"?>
<!-- Generated by org.testng.reporters.JUnitReportReporter -->
<testsuite skipped="0" hostname="Aymaans-Air" name="testTwo" tests="1" failures="0" timestamp="2022-12-04T11:28:40 CST" time="0.487" errors="0">
  <testcase name="login3" time="0.487" classname="testTwo"/>
  <system-out/>
</testsuite> <!-- testTwo -->
