<?xml version="1.0" encoding="UTF-8"?>
<!-- Generated by org.testng.reporters.JUnitReportReporter -->
<testsuite skipped="0" hostname="Aymaans-Air" name="test" tests="1" failures="0" timestamp="2022-12-10T09:19:47 CST" time="0.522" errors="0">
  <testcase name="login1" time="0.522" classname="test"/>
  <system-out/>
</testsuite> <!-- test -->
